polybar|warn:  Dropping unmatched character '「' (U+300c) in '  「README」 — Zen Browser'
polybar|warn:  Dropping unmatched character '「' (U+300c) in '  「README」 — Zen Browser'
polybar|warn:  Dropping unmatched character '」' (U+300d) in '  「README」 — Zen Browser'
polybar|warn:  Dropping unmatched character '」' (U+300d) in '  「README」 — Zen Browser'
polybar|warn:  Dropping unmatched character '「' (U+300c) in '  「README」 — Zen Browser'
polybar|warn:  Dropping unmatched character '「' (U+300c) in '  「README」 — Zen Browser'
polybar|warn:  Dropping unmatched character '」' (U+300d) in '  「README」 — Zen Browser'
polybar|warn:  Dropping unmatched character '」' (U+300d) in '  「README」 — Zen Browser'
polybar|warn:  Dropping unmatched character '「' (U+300c) in '  「README」 — Zen Browser'
polybar|warn:  Dropping unmatched character '」' (U+300d) in '  「README」 — Zen Browser'
polybar|warn:  Dropping unmatched character '「' (U+300c) in '  「README」 — Zen Browser'
polybar|warn:  Dropping unmatched character '」' (U+300d) in '  「README」 — Zen Browser'
polybar|warn:  Dropping unmatched character '「' (U+300c) in '  「README」 — Zen Browser'
polybar|warn:  Dropping unmatched character '」' (U+300d) in '  「README」 — Zen Browser'
polybar|warn:  Dropping unmatched character '「' (U+300c) in '  「README」 — Zen Browser'
polybar|warn:  Dropping unmatched character '「' (U+300c) in '  「README」 — Zen Browser'
polybar|warn:  Dropping unmatched character '」' (U+300d) in '  「README」 — Zen Browser'
polybar|warn:  Dropping unmatched character '」' (U+300d) in '  「README」 — Zen Browser'
polybar|warn:  Dropping unmatched character '「' (U+300c) in '  「README」 — Zen Browser'
polybar|warn:  Dropping unmatched character '「' (U+300c) in '  「README」 — Zen Browser'
polybar|warn:  Dropping unmatched character '」' (U+300d) in '  「README」 — Zen Browser'
polybar|warn:  Dropping unmatched character '」' (U+300d) in '  「README」 — Zen Browser'
polybar|warn:  Dropping unmatched character '「' (U+300c) in '  「README」 — Zen Browser'
polybar|warn:  Dropping unmatched character '」' (U+300d) in '  「README」 — Zen Browser'
polybar|warn:  Dropping unmatched character '「' (U+300c) in '  「README」 — Zen Browser'
polybar|warn:  Dropping unmatched character '」' (U+300d) in '  「README」 — Zen Browser'
polybar|warn:  Dropping unmatched character '「' (U+300c) in '  「README」 — Zen Browser'
polybar|warn:  Dropping unmatched character '」' (U+300d) in '  「README」 — Zen Browser'
polybar|warn:  Dropping unmatched character '「' (U+300c) in '  「README」 — Zen Browser'
polybar|warn:  Dropping unmatched character '」' (U+300d) in '  「README」 — Zen Browser'
polybar|warn:  Dropping unmatched character '「' (U+300c) in '  「README」 — Zen Browser'
polybar|warn:  Dropping unmatched character '「' (U+300c) in '  「README」 — Zen Browser'
polybar|warn:  Dropping unmatched character '」' (U+300d) in '  「README」 — Zen Browser'
polybar|warn:  Dropping unmatched character '」' (U+300d) in '  「README」 — Zen Browser'
polybar|warn:  Dropping unmatched character '「' (U+300c) in '  「README」 — Zen Browser'
polybar|warn:  Dropping unmatched character '「' (U+300c) in '  「README」 — Zen Browser'
polybar|warn:  Dropping unmatched character '」' (U+300d) in '  「README」 — Zen Browser'
polybar|warn:  Dropping unmatched character '」' (U+300d) in '  「README」 — Zen Browser'
polybar|warn:  Dropping unmatched character '「' (U+300c) in '  「README」 — Zen Browser'
polybar|warn:  Dropping unmatched character '「' (U+300c) in '  「README」 — Zen Browser'
polybar|warn:  Dropping unmatched character '」' (U+300d) in '  「README」 — Zen Browser'
polybar|warn:  Dropping unmatched character '」' (U+300d) in '  「README」 — Zen Browser'
polybar|warn:  Dropping unmatched character '「' (U+300c) in '  「README」 — Zen Browser'
polybar|warn:  Dropping unmatched character '「' (U+300c) in '  「README」 — Zen Browser'
polybar|warn:  Dropping unmatched character '」' (U+300d) in '  「README」 — Zen Browser'
polybar|warn:  Dropping unmatched character '」' (U+300d) in '  「README」 — Zen Browser'
polybar|warn:  Dropping unmatched character '「' (U+300c) in '  「README」 — Zen Browser'
polybar|warn:  Dropping unmatched character '」' (U+300d) in '  「README」 — Zen Browser'
polybar|warn:  Dropping unmatched character '「' (U+300c) in '  「README」 — Zen Browser'
polybar|warn:  Dropping unmatched character '」' (U+300d) in '  「README」 — Zen Browser'
polybar|warn:  Dropping unmatched character '「' (U+300c) in '  「README」 — Zen Browser'
polybar|warn:  Dropping unmatched character '」' (U+300d) in '  「README」 — Zen Browser'
polybar|warn:  Dropping unmatched character '「' (U+300c) in '  「README」 — Zen Browser'
polybar|warn:  Dropping unmatched character '」' (U+300d) in '  「README」 — Zen Browser'
polybar|warn:  Dropping unmatched character '「' (U+300c) in '  「README」 — Zen Browser'
polybar|warn:  Dropping unmatched character '」' (U+300d) in '  「README」 — Zen Browser'
polybar|warn:  Dropping unmatched character '「' (U+300c) in '  「README」 — Zen Browser'
polybar|warn:  Dropping unmatched character '「' (U+300c) in '  「README」 — Zen Browser'
polybar|warn:  Dropping unmatched character '」' (U+300d) in '  「README」 — Zen Browser'
polybar|warn:  Dropping unmatched character '」' (U+300d) in '  「README」 — Zen Browser'
polybar|warn:  Dropping unmatched character '「' (U+300c) in '  「README」 — Zen Browser'
polybar|warn:  Dropping unmatched character '「' (U+300c) in '  「README」 — Zen Browser'
polybar|warn:  Dropping unmatched character '」' (U+300d) in '  「README」 — Zen Browser'
polybar|warn:  Dropping unmatched character '」' (U+300d) in '  「README」 — Zen Browser'
polybar|warn:  Dropping unmatched character '「' (U+300c) in '  「README」 — Zen Browser'
polybar|warn:  Dropping unmatched character '」' (U+300d) in '  「README」 — Zen Browser'
polybar|warn:  Dropping unmatched character '「' (U+300c) in '  「README」 — Zen Browser'
polybar|warn:  Dropping unmatched character '」' (U+300d) in '  「README」 — Zen Browser'
polybar|notice:  Received signal(15): Terminated
polybar|notice:  Termination signal received, shutting down...
2025-06-21 13:14:29 Launching Polybar...
Polybar launched on all monitors, tray on HDMI-1
polybar|notice:  Parsing config file: /home/michal/.config/polybar/config.ini
polybar|notice:  Parsing config file: /home/michal/.config/polybar/config.ini
polybar|notice:  Listening for IPC messages (PID: 10525)
polybar|notice:  Listening for IPC messages (PID: 10526)
polybar|notice:  Loading module 'i3' of type 'internal/i3'
polybar|notice:  Loading module 'i3' of type 'internal/i3'
polybar|notice:  Loading module 'xwindow' of type 'internal/xwindow'
polybar|notice:  Loading module 'memory' of type 'internal/memory'
polybar|notice:  Loading module 'xwindow' of type 'internal/xwindow'
polybar|notice:  Loading module 'separator' of type 'custom/text'
polybar|warn:  The config parameter `module/separator.content` is deprecated, use `module/separator.format` instead.
polybar|notice:  Loading module 'cpu' of type 'internal/cpu'
polybar|notice:  Loading module 'memory' of type 'internal/memory'
polybar|notice:  Loading module 'separator' of type 'custom/text'
polybar|warn:  The config parameter `module/separator.content` is deprecated, use `module/separator.format` instead.
polybar|notice:  Loading module 'cpu' of type 'internal/cpu'
polybar|notice:  Loading module 'separator' of type 'custom/text'
polybar|warn:  The config parameter `module/separator.content` is deprecated, use `module/separator.format` instead.
polybar|notice:  Loading module 'pulseaudio' of type 'internal/pulseaudio'
polybar|notice:  Loading module 'separator' of type 'custom/text'
polybar|warn:  The config parameter `module/separator.content` is deprecated, use `module/separator.format` instead.
polybar|notice:  Loading module 'pulseaudio' of type 'internal/pulseaudio'
polybar|notice:  pulseaudio: using default sink alsa_output.pci-0000_00_1f.3.analog-stereo
polybar|notice:  pulseaudio: using default sink alsa_output.pci-0000_00_1f.3.analog-stereo
polybar|notice:  Loading module 'separator' of type 'custom/text'
polybar|notice:  Loading module 'separator' of type 'custom/text'
polybar|warn:  The config parameter `module/separator.content` is deprecated, use `module/separator.format` instead.
polybar|notice:  Loading module 'battery' of type 'custom/script'
polybar|warn:  The config parameter `module/separator.content` is deprecated, use `module/separator.format` instead.
polybar|notice:  Loading module 'battery' of type 'custom/script'
polybar|notice:  Loading module 'separator' of type 'custom/text'
polybar|notice:  Loading module 'separator' of type 'custom/text'
polybar|warn:  The config parameter `module/separator.content` is deprecated, use `module/separator.format` instead.
polybar|notice:  Loading module 'wlan' of type 'internal/network'
polybar|warn:  The config parameter `module/separator.content` is deprecated, use `module/separator.format` instead.
polybar|notice:  Loading module 'wlan' of type 'internal/network'
polybar|notice:  module/wlan: Discovered wireless interface wlp0s20f3
polybar|notice:  module/wlan: Discovered wireless interface wlp0s20f3
polybar|notice:  Loading module 'eth-with-separator' of type 'custom/script'
polybar|notice:  Loading module 'eth-with-separator' of type 'custom/script'
polybar|notice:  Loading module 'tray' of type 'internal/tray'
polybar|notice:  Loading module 'separator' of type 'custom/text'
polybar|notice:  Loading module 'tray' of type 'internal/tray'
polybar|warn:  The config parameter `module/separator.content` is deprecated, use `module/separator.format` instead.
polybar|notice:  Loading module 'date' of type 'internal/date'
polybar|notice:  Loading module 'separator' of type 'custom/text'
polybar|notice:  Loading module 'separator' of type 'custom/text'
polybar|warn:  The config parameter `module/separator.content` is deprecated, use `module/separator.format` instead.
polybar|notice:  Loading module 'powermenu' of type 'custom/text'
polybar|warn:  The config parameter `module/separator.content` is deprecated, use `module/separator.format` instead.
polybar|notice:  Loading module 'date' of type 'internal/date'
polybar|error: Invalid value for "module/powermenu.content-foreground", using default value (reason: "red" is an invalid color value.)
polybar|error: Invalid value for "module/powermenu.content-background", using default value (reason: "black" is an invalid color value.)
polybar|notice:  Loading module 'separator' of type 'custom/text'
polybar|warn:  The config parameter `module/powermenu.content` is deprecated, use `module/powermenu.format` instead.
polybar|notice:  Loaded 17 modules
polybar|warn:  The config parameter `module/separator.content` is deprecated, use `module/separator.format` instead.
polybar|notice:  Loading module 'powermenu' of type 'custom/text'
polybar|error: Invalid value for "module/powermenu.content-foreground", using default value (reason: "red" is an invalid color value.)
polybar|error: Invalid value for "module/powermenu.content-background", using default value (reason: "black" is an invalid color value.)
polybar|warn:  The config parameter `module/powermenu.content` is deprecated, use `module/powermenu.format` instead.
polybar|notice:  Loaded 17 modules
polybar|notice:  Loaded font "JetBrains Mono:style=Regular:pixelsize=10" (name=DejaVu Sans, offset=2, file=/usr/share/fonts/truetype/dejavu/DejaVuSans.ttf)
polybar|notice:  Loaded font "JetBrains Mono:style=Regular:pixelsize=10" (name=DejaVu Sans, offset=2, file=/usr/share/fonts/truetype/dejavu/DejaVuSans.ttf)
polybar|notice:  Loaded font "Font Awesome 6 Free:style=Solid:pixelsize=10" (name=Font Awesome 6 Free, offset=2, file=/home/michal/.local/share/fonts/fontawesome-free-6.6.0-desktop/otfs/Font Awesome 6 Free-Solid-900.otf)
polybar|notice:  Loaded font "Font Awesome 6 Free:style=Solid:pixelsize=10" (name=Font Awesome 6 Free, offset=2, file=/home/michal/.local/share/fonts/fontawesome-free-6.6.0-desktop/otfs/Font Awesome 6 Free-Solid-900.otf)
polybar|notice:  Loaded font "Font Awesome 6 Free:style=Regular:pixelsize=10" (name=Font Awesome 6 Free, offset=2, file=/home/michal/.local/share/fonts/fontawesome-free-6.6.0-desktop/otfs/Font Awesome 6 Free-Regular-400.otf)
polybar|notice:  Loaded font "Font Awesome 6 Free:style=Regular:pixelsize=10" (name=Font Awesome 6 Free, offset=2, file=/home/michal/.local/share/fonts/fontawesome-free-6.6.0-desktop/otfs/Font Awesome 6 Free-Regular-400.otf)
polybar|notice:  Loaded font "Font Awesome 6 Brands:style=Regular:pixelsize=10" (name=Font Awesome 6 Brands, offset=2, file=/home/michal/.local/share/fonts/fontawesome-free-6.6.0-desktop/otfs/Font Awesome 6 Brands-Regular-400.otf)
polybar|notice:  Loaded font "Font Awesome 6 Brands:style=Regular:pixelsize=10" (name=Font Awesome 6 Brands, offset=2, file=/home/michal/.local/share/fonts/fontawesome-free-6.6.0-desktop/otfs/Font Awesome 6 Brands-Regular-400.otf)
polybar|notice:  Loaded font "DejaVu Sans:style=Regular:size=12" (name=DejaVu Sans, offset=3, file=/usr/share/fonts/truetype/dejavu/DejaVuSans.ttf)
polybar|notice:  Loaded font "DejaVu Sans:style=Regular:size=12" (name=DejaVu Sans, offset=3, file=/usr/share/fonts/truetype/dejavu/DejaVuSans.ttf)
polybar|notice:  Loaded font "DejaVu Sans:style=Regular:size=12" (name=DejaVu Sans, offset=3, file=/usr/share/fonts/truetype/dejavu/DejaVuSans.ttf)
polybar|notice:  Loaded font "DejaVu Sans:style=Regular:size=12" (name=DejaVu Sans, offset=3, file=/usr/share/fonts/truetype/dejavu/DejaVuSans.ttf)
polybar|warn:  background_manager: Failed to get root pixmap, default to black (is there a wallpaper?)
polybar|warn:  background_manager: Failed to get root pixmap, default to black (is there a wallpaper?)
polybar|warn:  background_manager: Failed to get root pixmap, default to black (is there a wallpaper?)
polybar|warn:  background_manager: Failed to get root pixmap, default to black (is there a wallpaper?)
polybar|warn:  background_manager: Failed to get root pixmap, default to black (is there a wallpaper?)
polybar|warn:  Systray selection already managed (window=0x0c00002)
polybar|warn:  background_manager: Failed to get root pixmap, default to black (is there a wallpaper?)
polybar|warn:  background_manager: Failed to get root pixmap, default to black (is there a wallpaper?)
polybar|warn:  background_manager: Failed to get root pixmap, default to black (is there a wallpaper?)
polybar|error: Failed to reconfigure client(0x1c00003, NetworkManager Applet), removing... (XCB_WINDOW (3))
polybar|error: tray: Failed to unembed window '' (0x1c00003)
polybar|notice:  Received signal(15): Terminated
polybar|notice:  Termination signal received, shutting down...
2025-06-21 13:15:46 Launching Polybar...
Polybar launched on all monitors, tray on HDMI-1
polybar|notice:  Parsing config file: /home/michal/.config/polybar/config.ini
polybar|notice:  Parsing config file: /home/michal/.config/polybar/config.ini
polybar|notice:  Listening for IPC messages (PID: 8645)
polybar|notice:  Listening for IPC messages (PID: 8646)
polybar|notice:  Loading module 'i3' of type 'internal/i3'
polybar|notice:  Loading module 'i3' of type 'internal/i3'
polybar|notice:  Loading module 'xwindow' of type 'internal/xwindow'
polybar|notice:  Loading module 'memory' of type 'internal/memory'
polybar|notice:  Loading module 'xwindow' of type 'internal/xwindow'
polybar|notice:  Loading module 'separator' of type 'custom/text'
polybar|notice:  Loading module 'memory' of type 'internal/memory'
polybar|warn:  The config parameter `module/separator.content` is deprecated, use `module/separator.format` instead.
polybar|notice:  Loading module 'cpu' of type 'internal/cpu'
polybar|notice:  Loading module 'separator' of type 'custom/text'
polybar|warn:  The config parameter `module/separator.content` is deprecated, use `module/separator.format` instead.
polybar|notice:  Loading module 'cpu' of type 'internal/cpu'
polybar|notice:  Loading module 'separator' of type 'custom/text'
polybar|notice:  Loading module 'separator' of type 'custom/text'
polybar|warn:  The config parameter `module/separator.content` is deprecated, use `module/separator.format` instead.
polybar|notice:  Loading module 'pulseaudio' of type 'internal/pulseaudio'
polybar|warn:  The config parameter `module/separator.content` is deprecated, use `module/separator.format` instead.
polybar|notice:  Loading module 'pulseaudio' of type 'internal/pulseaudio'
polybar|notice:  pulseaudio: using default sink alsa_output.pci-0000_00_1f.3.analog-stereo
polybar|notice:  pulseaudio: using default sink alsa_output.pci-0000_00_1f.3.analog-stereo
polybar|notice:  Loading module 'separator' of type 'custom/text'
polybar|warn:  The config parameter `module/separator.content` is deprecated, use `module/separator.format` instead.
polybar|notice:  Loading module 'separator' of type 'custom/text'
polybar|notice:  Loading module 'battery' of type 'custom/script'
polybar|notice:  Loading module 'separator' of type 'custom/text'
polybar|warn:  The config parameter `module/separator.content` is deprecated, use `module/separator.format` instead.
polybar|notice:  Loading module 'battery' of type 'custom/script'
polybar|warn:  The config parameter `module/separator.content` is deprecated, use `module/separator.format` instead.
polybar|notice:  Loading module 'wlan' of type 'internal/network'
polybar|notice:  Loading module 'separator' of type 'custom/text'
polybar|warn:  The config parameter `module/separator.content` is deprecated, use `module/separator.format` instead.
polybar|notice:  Loading module 'wlan' of type 'internal/network'
polybar|notice:  module/wlan: Discovered wireless interface wlp0s20f3
polybar|notice:  module/wlan: Discovered wireless interface wlp0s20f3
polybar|notice:  Loading module 'eth-with-separator' of type 'custom/script'
polybar|notice:  Loading module 'eth-with-separator' of type 'custom/script'
polybar|notice:  Loading module 'tray' of type 'internal/tray'
polybar|notice:  Loading module 'tray' of type 'internal/tray'
polybar|notice:  Loading module 'separator' of type 'custom/text'
polybar|notice:  Loading module 'separator' of type 'custom/text'
polybar|warn:  The config parameter `module/separator.content` is deprecated, use `module/separator.format` instead.
polybar|notice:  Loading module 'date' of type 'internal/date'
polybar|warn:  The config parameter `module/separator.content` is deprecated, use `module/separator.format` instead.
polybar|notice:  Loading module 'date' of type 'internal/date'
polybar|notice:  Loading module 'separator' of type 'custom/text'
polybar|notice:  Loading module 'separator' of type 'custom/text'
polybar|warn:  The config parameter `module/separator.content` is deprecated, use `module/separator.format` instead.
polybar|notice:  Loading module 'powermenu' of type 'custom/text'
polybar|warn:  The config parameter `module/separator.content` is deprecated, use `module/separator.format` instead.
polybar|notice:  Loading module 'powermenu' of type 'custom/text'
polybar|error: Invalid value for "module/powermenu.content-foreground", using default value (reason: "red" is an invalid color value.)
polybar|error: Invalid value for "module/powermenu.content-background", using default value (reason: "black" is an invalid color value.)
polybar|warn:  The config parameter `module/powermenu.content` is deprecated, use `module/powermenu.format` instead.
polybar|notice:  Loaded 17 modules
polybar|error: Invalid value for "module/powermenu.content-foreground", using default value (reason: "red" is an invalid color value.)
polybar|error: Invalid value for "module/powermenu.content-background", using default value (reason: "black" is an invalid color value.)
polybar|warn:  The config parameter `module/powermenu.content` is deprecated, use `module/powermenu.format` instead.
polybar|notice:  Loaded 17 modules
polybar|notice:  Loaded font "JetBrains Mono:style=Regular:pixelsize=10" (name=DejaVu Sans, offset=2, file=/usr/share/fonts/truetype/dejavu/DejaVuSans.ttf)
polybar|notice:  Loaded font "JetBrains Mono:style=Regular:pixelsize=10" (name=DejaVu Sans, offset=2, file=/usr/share/fonts/truetype/dejavu/DejaVuSans.ttf)
polybar|notice:  Loaded font "Font Awesome 6 Free:style=Solid:pixelsize=10" (name=Font Awesome 6 Free, offset=2, file=/home/michal/.local/share/fonts/fontawesome-free-6.6.0-desktop/otfs/Font Awesome 6 Free-Solid-900.otf)
polybar|notice:  Loaded font "Font Awesome 6 Free:style=Solid:pixelsize=10" (name=Font Awesome 6 Free, offset=2, file=/home/michal/.local/share/fonts/fontawesome-free-6.6.0-desktop/otfs/Font Awesome 6 Free-Solid-900.otf)
polybar|notice:  Loaded font "Font Awesome 6 Free:style=Regular:pixelsize=10" (name=Font Awesome 6 Free, offset=2, file=/home/michal/.local/share/fonts/fontawesome-free-6.6.0-desktop/otfs/Font Awesome 6 Free-Regular-400.otf)
polybar|notice:  Loaded font "Font Awesome 6 Free:style=Regular:pixelsize=10" (name=Font Awesome 6 Free, offset=2, file=/home/michal/.local/share/fonts/fontawesome-free-6.6.0-desktop/otfs/Font Awesome 6 Free-Regular-400.otf)
polybar|notice:  Loaded font "Font Awesome 6 Brands:style=Regular:pixelsize=10" (name=Font Awesome 6 Brands, offset=2, file=/home/michal/.local/share/fonts/fontawesome-free-6.6.0-desktop/otfs/Font Awesome 6 Brands-Regular-400.otf)
polybar|notice:  Loaded font "Font Awesome 6 Brands:style=Regular:pixelsize=10" (name=Font Awesome 6 Brands, offset=2, file=/home/michal/.local/share/fonts/fontawesome-free-6.6.0-desktop/otfs/Font Awesome 6 Brands-Regular-400.otf)
polybar|notice:  Loaded font "DejaVu Sans:style=Regular:size=12" (name=DejaVu Sans, offset=3, file=/usr/share/fonts/truetype/dejavu/DejaVuSans.ttf)
polybar|notice:  Loaded font "DejaVu Sans:style=Regular:size=12" (name=DejaVu Sans, offset=3, file=/usr/share/fonts/truetype/dejavu/DejaVuSans.ttf)
polybar|notice:  Loaded font "DejaVu Sans:style=Regular:size=12" (name=DejaVu Sans, offset=3, file=/usr/share/fonts/truetype/dejavu/DejaVuSans.ttf)
polybar|notice:  Loaded font "DejaVu Sans:style=Regular:size=12" (name=DejaVu Sans, offset=3, file=/usr/share/fonts/truetype/dejavu/DejaVuSans.ttf)
polybar|warn:  background_manager: Failed to get root pixmap, default to black (is there a wallpaper?)
polybar|warn:  background_manager: Failed to get root pixmap, default to black (is there a wallpaper?)
polybar|warn:  background_manager: Failed to get root pixmap, default to black (is there a wallpaper?)
polybar|warn:  background_manager: Failed to get root pixmap, default to black (is there a wallpaper?)
polybar|error: Failed to start 'module/tray' (reason: Failed to get control of the systray selection)
polybar|warn:  background_manager: Failed to get root pixmap, default to black (is there a wallpaper?)
polybar|warn:  background_manager: Failed to get root pixmap, default to black (is there a wallpaper?)
polybar|warn:  background_manager: Failed to get root pixmap, default to black (is there a wallpaper?)
polybar|warn:  background_manager: Failed to get root pixmap, default to black (is there a wallpaper?)
polybar|error: Failed to reconfigure client(0x1a00003, NetworkManager Applet), removing... (XCB_WINDOW (3))
polybar|error: tray: Failed to unembed window '' (0x1a00003)
polybar|notice:  Received signal(15): Terminated
polybar|notice:  Received signal(15): Terminated
polybar|notice:  Termination signal received, shutting down...
polybar|notice:  Termination signal received, shutting down...
2025-06-21 16:16:48 Launching Polybar...
Polybar launched on all monitors, tray on HDMI-1
polybar|notice:  Parsing config file: /home/michal/.config/polybar/config.ini
polybar|notice:  Parsing config file: /home/michal/.config/polybar/config.ini
polybar|notice:  Listening for IPC messages (PID: 9610)
polybar|notice:  Listening for IPC messages (PID: 9609)
polybar|notice:  Loading module 'i3' of type 'internal/i3'
polybar|notice:  Loading module 'i3' of type 'internal/i3'
polybar|notice:  Loading module 'xwindow' of type 'internal/xwindow'
polybar|notice:  Loading module 'xwindow' of type 'internal/xwindow'
polybar|notice:  Loading module 'memory' of type 'internal/memory'
polybar|notice:  Loading module 'memory' of type 'internal/memory'
polybar|notice:  Loading module 'separator' of type 'custom/text'
polybar|notice:  Loading module 'separator' of type 'custom/text'
polybar|warn:  The config parameter `module/separator.content` is deprecated, use `module/separator.format` instead.
polybar|notice:  Loading module 'cpu' of type 'internal/cpu'
polybar|warn:  The config parameter `module/separator.content` is deprecated, use `module/separator.format` instead.
polybar|notice:  Loading module 'cpu' of type 'internal/cpu'
polybar|notice:  Loading module 'separator' of type 'custom/text'
polybar|warn:  The config parameter `module/separator.content` is deprecated, use `module/separator.format` instead.
polybar|notice:  Loading module 'separator' of type 'custom/text'
polybar|notice:  Loading module 'pulseaudio' of type 'internal/pulseaudio'
polybar|warn:  The config parameter `module/separator.content` is deprecated, use `module/separator.format` instead.
polybar|notice:  Loading module 'pulseaudio' of type 'internal/pulseaudio'
polybar|notice:  pulseaudio: using default sink alsa_output.pci-0000_00_1f.3.analog-stereo
polybar|notice:  pulseaudio: using default sink alsa_output.pci-0000_00_1f.3.analog-stereo
polybar|notice:  Loading module 'separator' of type 'custom/text'
polybar|notice:  Loading module 'separator' of type 'custom/text'
polybar|warn:  The config parameter `module/separator.content` is deprecated, use `module/separator.format` instead.
polybar|notice:  Loading module 'battery' of type 'custom/script'
polybar|warn:  The config parameter `module/separator.content` is deprecated, use `module/separator.format` instead.
polybar|notice:  Loading module 'battery' of type 'custom/script'
polybar|notice:  Loading module 'separator' of type 'custom/text'
polybar|notice:  Loading module 'separator' of type 'custom/text'
polybar|warn:  The config parameter `module/separator.content` is deprecated, use `module/separator.format` instead.
polybar|notice:  Loading module 'wlan' of type 'internal/network'
polybar|warn:  The config parameter `module/separator.content` is deprecated, use `module/separator.format` instead.
polybar|notice:  Loading module 'wlan' of type 'internal/network'
polybar|notice:  module/wlan: Discovered wireless interface wlp0s20f3
polybar|notice:  module/wlan: Discovered wireless interface wlp0s20f3
polybar|notice:  Loading module 'eth-with-separator' of type 'custom/script'
polybar|notice:  Loading module 'eth-with-separator' of type 'custom/script'
polybar|notice:  Loading module 'tray' of type 'internal/tray'
polybar|notice:  Loading module 'tray' of type 'internal/tray'
polybar|notice:  Loading module 'separator' of type 'custom/text'
polybar|notice:  Loading module 'separator' of type 'custom/text'
polybar|warn:  The config parameter `module/separator.content` is deprecated, use `module/separator.format` instead.
polybar|notice:  Loading module 'date' of type 'internal/date'
polybar|warn:  The config parameter `module/separator.content` is deprecated, use `module/separator.format` instead.
polybar|notice:  Loading module 'date' of type 'internal/date'
polybar|notice:  Loading module 'separator' of type 'custom/text'
polybar|notice:  Loading module 'separator' of type 'custom/text'
polybar|warn:  The config parameter `module/separator.content` is deprecated, use `module/separator.format` instead.
polybar|warn:  The config parameter `module/separator.content` is deprecated, use `module/separator.format` instead.
polybar|notice:  Loading module 'powermenu' of type 'custom/text'
polybar|notice:  Loading module 'powermenu' of type 'custom/text'
polybar|error: Invalid value for "module/powermenu.content-foreground", using default value (reason: "red" is an invalid color value.)
polybar|error: Invalid value for "module/powermenu.content-foreground", using default value (reason: "red" is an invalid color value.)
polybar|error: Invalid value for "module/powermenu.content-background", using default value (reason: "black" is an invalid color value.)
polybar|error: Invalid value for "module/powermenu.content-background", using default value (reason: "black" is an invalid color value.)
polybar|warn:  The config parameter `module/powermenu.content` is deprecated, use `module/powermenu.format` instead.
polybar|warn:  The config parameter `module/powermenu.content` is deprecated, use `module/powermenu.format` instead.
polybar|notice:  Loaded 17 modules
polybar|notice:  Loaded 17 modules
polybar|notice:  Loaded font "JetBrains Mono:style=Regular:pixelsize=10" (name=DejaVu Sans, offset=2, file=/usr/share/fonts/truetype/dejavu/DejaVuSans.ttf)
polybar|notice:  Loaded font "JetBrains Mono:style=Regular:pixelsize=10" (name=DejaVu Sans, offset=2, file=/usr/share/fonts/truetype/dejavu/DejaVuSans.ttf)
polybar|notice:  Loaded font "Font Awesome 6 Free:style=Solid:pixelsize=10" (name=Font Awesome 6 Free, offset=2, file=/home/michal/.local/share/fonts/fontawesome-free-6.6.0-desktop/otfs/Font Awesome 6 Free-Solid-900.otf)
polybar|notice:  Loaded font "Font Awesome 6 Free:style=Solid:pixelsize=10" (name=Font Awesome 6 Free, offset=2, file=/home/michal/.local/share/fonts/fontawesome-free-6.6.0-desktop/otfs/Font Awesome 6 Free-Solid-900.otf)
polybar|notice:  Loaded font "Font Awesome 6 Free:style=Regular:pixelsize=10" (name=Font Awesome 6 Free, offset=2, file=/home/michal/.local/share/fonts/fontawesome-free-6.6.0-desktop/otfs/Font Awesome 6 Free-Regular-400.otf)
polybar|notice:  Loaded font "Font Awesome 6 Free:style=Regular:pixelsize=10" (name=Font Awesome 6 Free, offset=2, file=/home/michal/.local/share/fonts/fontawesome-free-6.6.0-desktop/otfs/Font Awesome 6 Free-Regular-400.otf)
polybar|notice:  Loaded font "Font Awesome 6 Brands:style=Regular:pixelsize=10" (name=Font Awesome 6 Brands, offset=2, file=/home/michal/.local/share/fonts/fontawesome-free-6.6.0-desktop/otfs/Font Awesome 6 Brands-Regular-400.otf)
polybar|notice:  Loaded font "DejaVu Sans:style=Regular:size=12" (name=DejaVu Sans, offset=3, file=/usr/share/fonts/truetype/dejavu/DejaVuSans.ttf)
polybar|notice:  Loaded font "Font Awesome 6 Brands:style=Regular:pixelsize=10" (name=Font Awesome 6 Brands, offset=2, file=/home/michal/.local/share/fonts/fontawesome-free-6.6.0-desktop/otfs/Font Awesome 6 Brands-Regular-400.otf)
polybar|notice:  Loaded font "DejaVu Sans:style=Regular:size=12" (name=DejaVu Sans, offset=3, file=/usr/share/fonts/truetype/dejavu/DejaVuSans.ttf)
polybar|warn:  background_manager: Failed to get root pixmap, default to black (is there a wallpaper?)
polybar|warn:  background_manager: Failed to get root pixmap, default to black (is there a wallpaper?)
polybar|notice:  Loaded font "DejaVu Sans:style=Regular:size=12" (name=DejaVu Sans, offset=3, file=/usr/share/fonts/truetype/dejavu/DejaVuSans.ttf)
polybar|notice:  Loaded font "DejaVu Sans:style=Regular:size=12" (name=DejaVu Sans, offset=3, file=/usr/share/fonts/truetype/dejavu/DejaVuSans.ttf)
polybar|warn:  background_manager: Failed to get root pixmap, default to black (is there a wallpaper?)
polybar|warn:  background_manager: Failed to get root pixmap, default to black (is there a wallpaper?)
polybar|warn:  background_manager: Failed to get root pixmap, default to black (is there a wallpaper?)
polybar|warn:  background_manager: Failed to get root pixmap, default to black (is there a wallpaper?)
polybar|warn:  Systray selection already managed (window=0x0800002)
polybar|warn:  background_manager: Failed to get root pixmap, default to black (is there a wallpaper?)
polybar|warn:  background_manager: Failed to get root pixmap, default to black (is there a wallpaper?)
polybar|error: Failed to reconfigure client(0x1000003, NetworkManager Applet), removing... (XCB_WINDOW (3))
polybar|error: tray: Failed to unembed window '' (0x1000003)
